[2025-04-02 15:32:46] STEP A1: Start ViMD dataset subset loading
[2025-04-02 15:32:46] STEP A2: Loading first 5% of ViMD dataset
[2025-04-02 15:56:39] STEP A3: Filtering for Northern and Southern dialects
[2025-04-02 16:43:22] STEP A1: Start ViMD dataset streaming and subset selection
[2025-04-02 16:43:22] STEP A2: Streaming ViMD dataset
[2025-04-02 17:01:30] STEP A1: Start streaming subset from ViMD dataset
[2025-04-02 17:01:44] ✅ Saved North_CaoBang_spk_11_0001_11_0001.wav [1/5] for CaoBang
[2025-04-02 17:01:44] ✅ Saved North_CaoBang_spk_11_0002_11_0003.wav [2/5] for CaoBang
[2025-04-02 17:01:44] ✅ Saved North_CaoBang_spk_11_0003_11_0006.wav [3/5] for CaoBang
[2025-04-02 17:01:44] ✅ Saved North_CaoBang_spk_11_0004_11_0007.wav [4/5] for CaoBang
[2025-04-02 17:01:44] ✅ Saved North_CaoBang_spk_11_0005_11_0008.wav [5/5] for CaoBang
[2025-04-02 17:01:44] 🎉 All target provinces filled. Stopping early.
[2025-04-02 17:01:44] ✅ Finished saving 5 utterances.
[2025-04-02 17:05:07] STEP A1: Start ViMD dataset subset loading with streaming
[2025-04-02 17:05:07] STEP A2: Streaming ViMD dataset
[2025-04-02 17:05:23] ✅ Saved North_CaoBang_spk_11_0001_11_0001.wav [1/5] for CaoBang
[2025-04-02 17:05:23] ✅ Saved North_CaoBang_spk_11_0002_11_0003.wav [2/5] for CaoBang
[2025-04-02 17:05:23] ✅ Saved North_CaoBang_spk_11_0003_11_0006.wav [3/5] for CaoBang
[2025-04-02 17:05:23] ✅ Saved North_CaoBang_spk_11_0004_11_0007.wav [4/5] for CaoBang
[2025-04-02 17:05:23] ✅ Saved North_CaoBang_spk_11_0005_11_0008.wav [5/5] for CaoBang
[2025-04-02 17:05:42] ✅ Saved North_LangSon_spk_12_0001_12_0001.wav [1/5] for LangSon
[2025-04-02 17:05:42] ✅ Saved North_LangSon_spk_12_0002_12_0002.wav [2/5] for LangSon
[2025-04-02 17:05:42] ✅ Saved North_LangSon_spk_12_0003_12_0003.wav [3/5] for LangSon
[2025-04-02 17:05:42] ✅ Saved North_LangSon_spk_12_0004_12_0005.wav [4/5] for LangSon
[2025-04-02 17:05:51] ✅ Saved North_LangSon_spk_12_0005_12_0009.wav [5/5] for LangSon
[2025-04-02 17:06:06] ✅ Saved North_QuangNinh_spk_14_0001_14_0001.wav [1/5] for QuangNinh
[2025-04-02 17:06:06] ✅ Saved North_QuangNinh_spk_14_0002_14_0002.wav [2/5] for QuangNinh
[2025-04-02 17:06:06] ✅ Saved North_QuangNinh_spk_14_0003_14_0003.wav [3/5] for QuangNinh
[2025-04-02 17:06:06] ✅ Saved North_QuangNinh_spk_14_0004_14_0004.wav [4/5] for QuangNinh
[2025-04-02 17:06:06] ✅ Saved North_QuangNinh_spk_14_0005_14_0005.wav [5/5] for QuangNinh
[2025-04-02 17:06:34] ✅ Saved North_HaiPhong_spk_15_0001_15_0001.wav [1/5] for HaiPhong
[2025-04-02 17:06:34] ✅ Saved North_HaiPhong_spk_15_0002_15_0002.wav [2/5] for HaiPhong
[2025-04-02 17:06:34] ✅ Saved North_HaiPhong_spk_15_0003_15_0003.wav [3/5] for HaiPhong
[2025-04-02 17:06:34] ✅ Saved North_HaiPhong_spk_15_0004_15_0004.wav [4/5] for HaiPhong
[2025-04-02 17:06:34] ✅ Saved North_HaiPhong_spk_15_0005_15_0006.wav [5/5] for HaiPhong
[2025-04-02 17:06:51] ✅ Saved North_ThaiBinh_spk_17_0001_17_0001.wav [1/5] for ThaiBinh
[2025-04-02 17:06:51] ✅ Saved North_ThaiBinh_spk_17_0002_17_0003.wav [2/5] for ThaiBinh
[2025-04-02 17:06:51] ✅ Saved North_ThaiBinh_spk_17_0003_17_0004.wav [3/5] for ThaiBinh
[2025-04-02 17:06:51] ✅ Saved North_ThaiBinh_spk_17_0004_17_0005.wav [4/5] for ThaiBinh
[2025-04-02 17:07:00] ✅ Saved North_ThaiBinh_spk_17_0005_17_0006.wav [5/5] for ThaiBinh
[2025-04-02 17:07:20] ✅ Saved North_NamDinh_spk_18_0001_18_0001.wav [1/5] for NamDinh
[2025-04-02 17:07:20] ✅ Saved North_NamDinh_spk_18_0002_18_0004.wav [2/5] for NamDinh
[2025-04-02 17:07:20] ✅ Saved North_NamDinh_spk_18_0003_18_0006.wav [3/5] for NamDinh
[2025-04-02 17:07:20] ✅ Saved North_NamDinh_spk_18_0004_18_0010.wav [4/5] for NamDinh
[2025-04-02 17:07:20] ✅ Saved North_NamDinh_spk_18_0005_18_0013.wav [5/5] for NamDinh
[2025-04-02 17:07:45] ✅ Saved North_PhuTho_spk_19_0001_19_0001.wav [1/5] for PhuTho
[2025-04-02 17:07:45] ✅ Saved North_PhuTho_spk_19_0002_19_0002.wav [2/5] for PhuTho
[2025-04-02 17:07:45] ✅ Saved North_PhuTho_spk_19_0003_19_0003.wav [3/5] for PhuTho
[2025-04-02 17:07:45] ✅ Saved North_PhuTho_spk_19_0004_19_0004.wav [4/5] for PhuTho
[2025-04-02 17:07:45] ✅ Saved North_PhuTho_spk_19_0005_19_0005.wav [5/5] for PhuTho
[2025-04-02 17:08:14] ✅ Saved North_ThaiNguyen_spk_20_0001_20_0001.wav [1/5] for ThaiNguyen
[2025-04-02 17:08:14] ✅ Saved North_ThaiNguyen_spk_20_0002_20_0003.wav [2/5] for ThaiNguyen
[2025-04-02 17:08:14] ✅ Saved North_ThaiNguyen_spk_20_0003_20_0004.wav [3/5] for ThaiNguyen
[2025-04-02 17:08:14] ✅ Saved North_ThaiNguyen_spk_20_0004_20_0006.wav [4/5] for ThaiNguyen
[2025-04-02 17:08:14] ✅ Saved North_ThaiNguyen_spk_20_0005_20_0007.wav [5/5] for ThaiNguyen
[2025-04-02 17:08:32] ✅ Saved North_YenBai_spk_21_0001_21_0001.wav [1/5] for YenBai
[2025-04-02 17:08:32] ✅ Saved North_YenBai_spk_21_0002_21_0005.wav [2/5] for YenBai
[2025-04-02 17:08:32] ✅ Saved North_YenBai_spk_21_0003_21_0007.wav [3/5] for YenBai
[2025-04-02 17:08:32] ✅ Saved North_YenBai_spk_21_0004_21_0011.wav [4/5] for YenBai
[2025-04-02 17:08:32] ✅ Saved North_YenBai_spk_21_0005_21_0012.wav [5/5] for YenBai
[2025-04-02 17:09:00] ✅ Saved North_TuyenQuang_spk_22_0001_22_0001.wav [1/5] for TuyenQuang
[2025-04-02 17:09:00] ✅ Saved North_TuyenQuang_spk_22_0002_22_0002.wav [2/5] for TuyenQuang
[2025-04-02 17:09:00] ✅ Saved North_TuyenQuang_spk_22_0003_22_0004.wav [3/5] for TuyenQuang
[2025-04-02 17:09:00] ✅ Saved North_TuyenQuang_spk_22_0004_22_0005.wav [4/5] for TuyenQuang
[2025-04-02 17:09:00] ✅ Saved North_TuyenQuang_spk_22_0005_22_0006.wav [5/5] for TuyenQuang
[2025-04-02 17:09:20] ✅ Saved North_HaGiang_spk_23_0001_23_0001.wav [1/5] for HaGiang
[2025-04-02 17:09:20] ✅ Saved North_HaGiang_spk_23_0002_23_0002.wav [2/5] for HaGiang
[2025-04-02 17:09:20] ✅ Saved North_HaGiang_spk_23_0003_23_0003.wav [3/5] for HaGiang
[2025-04-02 17:09:20] ✅ Saved North_HaGiang_spk_23_0004_23_0004.wav [4/5] for HaGiang
[2025-04-02 17:09:20] ✅ Saved North_HaGiang_spk_23_0005_23_0005.wav [5/5] for HaGiang
[2025-04-02 17:09:46] ✅ Saved North_LaoCai_spk_24_0001_24_0001.wav [1/5] for LaoCai
[2025-04-02 17:09:46] ✅ Saved North_LaoCai_spk_24_0002_24_0002.wav [2/5] for LaoCai
[2025-04-02 17:09:46] ✅ Saved North_LaoCai_spk_24_0003_24_0003.wav [3/5] for LaoCai
[2025-04-02 17:09:46] ✅ Saved North_LaoCai_spk_24_0004_24_0004.wav [4/5] for LaoCai
[2025-04-02 17:09:46] ✅ Saved North_LaoCai_spk_24_0005_24_0005.wav [5/5] for LaoCai
[2025-04-02 17:10:20] ✅ Saved North_LaiChau_spk_25_0001_25_0001.wav [1/5] for LaiChau
[2025-04-02 17:10:20] ✅ Saved North_LaiChau_spk_25_0002_25_0002.wav [2/5] for LaiChau
[2025-04-02 17:10:20] ✅ Saved North_LaiChau_spk_25_0003_25_0004.wav [3/5] for LaiChau
[2025-04-02 17:10:20] ✅ Saved North_LaiChau_spk_25_0004_25_0005.wav [4/5] for LaiChau
[2025-04-02 17:10:20] ✅ Saved North_LaiChau_spk_25_0005_25_0007.wav [5/5] for LaiChau
[2025-04-02 17:10:49] ✅ Saved North_SonLa_spk_26_0001_26_0001.wav [1/5] for SonLa
[2025-04-02 17:10:49] ✅ Saved North_SonLa_spk_26_0002_26_0002.wav [2/5] for SonLa
[2025-04-02 17:10:49] ✅ Saved North_SonLa_spk_26_0003_26_0003.wav [3/5] for SonLa
[2025-04-02 17:10:49] ✅ Saved North_SonLa_spk_26_0004_26_0004.wav [4/5] for SonLa
[2025-04-02 17:10:49] ✅ Saved North_SonLa_spk_26_0005_26_0005.wav [5/5] for SonLa
[2025-04-02 17:11:05] ✅ Saved North_DienBien_spk_27_0001_27_0001.wav [1/5] for DienBien
[2025-04-02 17:11:09] ✅ Saved North_DienBien_spk_27_0002_27_0005.wav [2/5] for DienBien
[2025-04-02 17:11:09] ✅ Saved North_DienBien_spk_27_0003_27_0007.wav [3/5] for DienBien
[2025-04-02 17:11:09] ✅ Saved North_DienBien_spk_27_0004_27_0008.wav [4/5] for DienBien
[2025-04-02 17:11:09] ✅ Saved North_DienBien_spk_27_0005_27_0009.wav [5/5] for DienBien
[2025-04-02 17:11:33] ✅ Saved North_HoaBinh_spk_28_0001_28_0001.wav [1/5] for HoaBinh
[2025-04-02 17:11:33] ✅ Saved North_HoaBinh_spk_28_0002_28_0003.wav [2/5] for HoaBinh
[2025-04-02 17:11:33] ✅ Saved North_HoaBinh_spk_28_0003_28_0004.wav [3/5] for HoaBinh
[2025-04-02 17:11:33] ✅ Saved North_HoaBinh_spk_28_0004_28_0005.wav [4/5] for HoaBinh
[2025-04-02 17:11:33] ✅ Saved North_HoaBinh_spk_28_0005_28_0006.wav [5/5] for HoaBinh
[2025-04-02 17:11:53] ✅ Saved North_HaNoi_spk_30_0001_30_0001.wav [1/5] for HaNoi
[2025-04-02 17:11:53] ✅ Saved North_HaNoi_spk_30_0002_30_0007.wav [2/5] for HaNoi
[2025-04-02 17:11:53] ✅ Saved North_HaNoi_spk_30_0003_30_0010.wav [3/5] for HaNoi
[2025-04-02 17:11:53] ✅ Saved North_HaNoi_spk_30_0004_30_0011.wav [4/5] for HaNoi
[2025-04-02 17:11:53] ✅ Saved North_HaNoi_spk_30_0005_30_0012.wav [5/5] for HaNoi
[2025-04-02 17:12:16] ✅ Saved North_HaiDuong_spk_34_0001_34_0001.wav [1/5] for HaiDuong
[2025-04-02 17:12:16] ✅ Saved North_HaiDuong_spk_34_0002_34_0002.wav [2/5] for HaiDuong
[2025-04-02 17:12:16] ✅ Saved North_HaiDuong_spk_34_0003_34_0004.wav [3/5] for HaiDuong
[2025-04-02 17:12:17] ✅ Saved North_HaiDuong_spk_34_0004_34_0006.wav [4/5] for HaiDuong
[2025-04-02 17:12:17] ✅ Saved North_HaiDuong_spk_34_0005_34_0008.wav [5/5] for HaiDuong
[2025-04-02 17:12:37] ✅ Saved North_NinhBinh_spk_35_0001_35_0001.wav [1/5] for NinhBinh
[2025-04-02 17:12:37] ✅ Saved North_NinhBinh_spk_35_0002_35_0002.wav [2/5] for NinhBinh
[2025-04-02 17:12:45] ✅ Saved North_NinhBinh_spk_35_0003_35_0003.wav [3/5] for NinhBinh
[2025-04-02 17:12:45] ✅ Saved North_NinhBinh_spk_35_0004_35_0004.wav [4/5] for NinhBinh
[2025-04-02 17:12:45] ✅ Saved North_NinhBinh_spk_35_0005_35_0006.wav [5/5] for NinhBinh
[2025-04-02 17:15:43] ✅ Saved South_HoChiMinh_spk_59_0001_59_0001.wav [1/5] for HoChiMinh
[2025-04-02 17:15:43] ✅ Saved South_HoChiMinh_spk_59_0002_59_0002.wav [2/5] for HoChiMinh
[2025-04-02 17:15:43] ✅ Saved South_HoChiMinh_spk_59_0003_59_0004.wav [3/5] for HoChiMinh
[2025-04-02 17:15:43] ✅ Saved South_HoChiMinh_spk_59_0004_59_0005.wav [4/5] for HoChiMinh
[2025-04-02 17:15:43] ✅ Saved South_HoChiMinh_spk_59_0005_59_0006.wav [5/5] for HoChiMinh
[2025-04-02 17:16:12] ✅ Saved South_DongNai_spk_60_0001_60_0001.wav [1/5] for DongNai
[2025-04-02 17:16:12] ✅ Saved South_DongNai_spk_60_0002_60_0003.wav [2/5] for DongNai
[2025-04-02 17:16:12] ✅ Saved South_DongNai_spk_60_0003_60_0006.wav [3/5] for DongNai
[2025-04-02 17:16:12] ✅ Saved South_DongNai_spk_60_0004_60_0008.wav [4/5] for DongNai
[2025-04-02 17:16:12] ✅ Saved South_DongNai_spk_60_0005_60_0013.wav [5/5] for DongNai
[2025-04-02 17:16:27] ✅ Saved South_BinhDuong_spk_61_0001_61_0001.wav [1/5] for BinhDuong
[2025-04-02 17:16:27] ✅ Saved South_BinhDuong_spk_61_0002_61_0003.wav [2/5] for BinhDuong
[2025-04-02 17:16:32] ✅ Saved South_BinhDuong_spk_61_0003_61_0005.wav [3/5] for BinhDuong
[2025-04-02 17:16:32] ✅ Saved South_BinhDuong_spk_61_0004_61_0006.wav [4/5] for BinhDuong
[2025-04-02 17:16:32] ✅ Saved South_BinhDuong_spk_61_0005_61_0007.wav [5/5] for BinhDuong
[2025-04-02 17:16:55] ✅ Saved South_LongAn_spk_62_0001_62_0001.wav [1/5] for LongAn
[2025-04-02 17:16:55] ✅ Saved South_LongAn_spk_62_0002_62_0002.wav [2/5] for LongAn
[2025-04-02 17:16:55] ✅ Saved South_LongAn_spk_62_0003_62_0003.wav [3/5] for LongAn
[2025-04-02 17:16:55] ✅ Saved South_LongAn_spk_62_0004_62_0004.wav [4/5] for LongAn
[2025-04-02 17:16:55] ✅ Saved South_LongAn_spk_62_0005_62_0005.wav [5/5] for LongAn
[2025-04-02 17:17:21] ✅ Saved South_TienGiang_spk_63_0001_63_0001.wav [1/5] for TienGiang
[2025-04-02 17:17:21] ✅ Saved South_TienGiang_spk_63_0002_63_0002.wav [2/5] for TienGiang
[2025-04-02 17:17:21] ✅ Saved South_TienGiang_spk_63_0003_63_0003.wav [3/5] for TienGiang
[2025-04-02 17:17:21] ✅ Saved South_TienGiang_spk_63_0004_63_0004.wav [4/5] for TienGiang
[2025-04-02 17:17:21] ✅ Saved South_TienGiang_spk_63_0005_63_0006.wav [5/5] for TienGiang
[2025-04-02 17:17:39] ✅ Saved South_VinhLong_spk_64_0001_64_0001.wav [1/5] for VinhLong
[2025-04-02 17:17:39] ✅ Saved South_VinhLong_spk_64_0002_64_0004.wav [2/5] for VinhLong
[2025-04-02 17:17:39] ✅ Saved South_VinhLong_spk_64_0003_64_0005.wav [3/5] for VinhLong
[2025-04-02 17:17:39] ✅ Saved South_VinhLong_spk_64_0004_64_0006.wav [4/5] for VinhLong
[2025-04-02 17:17:39] ✅ Saved South_VinhLong_spk_64_0005_64_0007.wav [5/5] for VinhLong
[2025-04-02 17:18:08] ✅ Saved South_CanTho_spk_65_0001_65_0001.wav [1/5] for CanTho
[2025-04-02 17:18:08] ✅ Saved South_CanTho_spk_65_0002_65_0003.wav [2/5] for CanTho
[2025-04-02 17:18:09] ✅ Saved South_CanTho_spk_65_0003_65_0005.wav [3/5] for CanTho
[2025-04-02 17:18:09] ✅ Saved South_CanTho_spk_65_0004_65_0006.wav [4/5] for CanTho
[2025-04-02 17:18:09] ✅ Saved South_CanTho_spk_65_0005_65_0008.wav [5/5] for CanTho
[2025-04-02 17:18:28] ✅ Saved South_DongThap_spk_66_0001_66_0001.wav [1/5] for DongThap
[2025-04-02 17:18:28] ✅ Saved South_DongThap_spk_66_0002_66_0002.wav [2/5] for DongThap
[2025-04-02 17:18:28] ✅ Saved South_DongThap_spk_66_0003_66_0003.wav [3/5] for DongThap
[2025-04-02 17:18:28] ✅ Saved South_DongThap_spk_66_0004_66_0004.wav [4/5] for DongThap
[2025-04-02 17:18:28] ✅ Saved South_DongThap_spk_66_0005_66_0006.wav [5/5] for DongThap
[2025-04-02 17:18:58] ✅ Saved South_AnGiang_spk_67_0001_67_0001.wav [1/5] for AnGiang
[2025-04-02 17:18:58] ✅ Saved South_AnGiang_spk_67_0002_67_0002.wav [2/5] for AnGiang
[2025-04-02 17:18:58] ✅ Saved South_AnGiang_spk_67_0003_67_0004.wav [3/5] for AnGiang
[2025-04-02 17:18:58] ✅ Saved South_AnGiang_spk_67_0004_67_0006.wav [4/5] for AnGiang
[2025-04-02 17:18:58] ✅ Saved South_AnGiang_spk_67_0005_67_0007.wav [5/5] for AnGiang
[2025-04-02 17:19:13] ✅ Saved South_KienGiang_spk_68_0001_68_0001.wav [1/5] for KienGiang
[2025-04-02 17:19:13] ✅ Saved South_KienGiang_spk_68_0002_68_0005.wav [2/5] for KienGiang
[2025-04-02 17:19:13] ✅ Saved South_KienGiang_spk_68_0003_68_0007.wav [3/5] for KienGiang
[2025-04-02 17:19:13] ✅ Saved South_KienGiang_spk_68_0004_68_0011.wav [4/5] for KienGiang
[2025-04-02 17:19:13] ✅ Saved South_KienGiang_spk_68_0005_68_0015.wav [5/5] for KienGiang
[2025-04-02 17:19:43] ✅ Saved South_CaMau_spk_69_0001_69_0001.wav [1/5] for CaMau
[2025-04-02 17:19:43] ✅ Saved South_CaMau_spk_69_0002_69_0002.wav [2/5] for CaMau
[2025-04-02 17:19:43] ✅ Saved South_CaMau_spk_69_0003_69_0004.wav [3/5] for CaMau
[2025-04-02 17:19:43] ✅ Saved South_CaMau_spk_69_0004_69_0006.wav [4/5] for CaMau
[2025-04-02 17:19:43] ✅ Saved South_CaMau_spk_69_0005_69_0007.wav [5/5] for CaMau
[2025-04-02 17:20:02] ✅ Saved South_TayNinh_spk_70_0001_70_0001.wav [1/5] for TayNinh
[2025-04-02 17:20:02] ✅ Saved South_TayNinh_spk_70_0002_70_0002.wav [2/5] for TayNinh
[2025-04-02 17:20:02] ✅ Saved South_TayNinh_spk_70_0003_70_0003.wav [3/5] for TayNinh
[2025-04-02 17:20:02] ✅ Saved South_TayNinh_spk_70_0004_70_0005.wav [4/5] for TayNinh
[2025-04-02 17:20:02] ✅ Saved South_TayNinh_spk_70_0005_70_0006.wav [5/5] for TayNinh
[2025-04-02 17:20:26] ✅ Saved South_BenTre_spk_71_0001_71_0001.wav [1/5] for BenTre
[2025-04-02 17:20:26] ✅ Saved South_BenTre_spk_71_0002_71_0003.wav [2/5] for BenTre
[2025-04-02 17:20:26] ✅ Saved South_BenTre_spk_71_0003_71_0005.wav [3/5] for BenTre
[2025-04-02 17:20:26] ✅ Saved South_BenTre_spk_71_0004_71_0007.wav [4/5] for BenTre
[2025-04-02 17:20:26] ✅ Saved South_BenTre_spk_71_0005_71_0009.wav [5/5] for BenTre
[2025-04-02 17:20:47] ✅ Saved South_BaRiaVungTau_spk_72_0001_72_0001.wav [1/5] for BaRiaVungTau
[2025-04-02 17:20:47] ✅ Saved South_BaRiaVungTau_spk_72_0002_72_0002.wav [2/5] for BaRiaVungTau
[2025-04-02 17:20:47] ✅ Saved South_BaRiaVungTau_spk_72_0003_72_0003.wav [3/5] for BaRiaVungTau
[2025-04-02 17:20:47] ✅ Saved South_BaRiaVungTau_spk_72_0004_72_0004.wav [4/5] for BaRiaVungTau
[2025-04-02 17:20:47] ✅ Saved South_BaRiaVungTau_spk_72_0005_72_0005.wav [5/5] for BaRiaVungTau
[2025-04-02 17:24:18] ✅ Saved South_SocTrang_spk_83_0001_83_0001.wav [1/5] for SocTrang
[2025-04-02 17:24:18] ✅ Saved South_SocTrang_spk_83_0002_83_0005.wav [2/5] for SocTrang
[2025-04-02 17:24:19] ✅ Saved South_SocTrang_spk_83_0003_83_0009.wav [3/5] for SocTrang
[2025-04-02 17:24:19] ✅ Saved South_SocTrang_spk_83_0004_83_0011.wav [4/5] for SocTrang
[2025-04-02 17:24:19] ✅ Saved South_SocTrang_spk_83_0005_83_0014.wav [5/5] for SocTrang
[2025-04-02 17:24:41] ✅ Saved South_TraVinh_spk_84_0001_84_0001.wav [1/5] for TraVinh
[2025-04-02 17:24:41] ✅ Saved South_TraVinh_spk_84_0002_84_0004.wav [2/5] for TraVinh
[2025-04-02 17:24:41] ✅ Saved South_TraVinh_spk_84_0003_84_0005.wav [3/5] for TraVinh
[2025-04-02 17:24:41] ✅ Saved South_TraVinh_spk_84_0004_84_0008.wav [4/5] for TraVinh
[2025-04-02 17:24:41] ✅ Saved South_TraVinh_spk_84_0005_84_0010.wav [5/5] for TraVinh
[2025-04-02 17:25:47] ✅ Saved North_VinhPhuc_spk_88_0001_88_0001.wav [1/5] for VinhPhuc
[2025-04-02 17:25:47] ✅ Saved North_VinhPhuc_spk_88_0002_88_0002.wav [2/5] for VinhPhuc
[2025-04-02 17:25:47] ✅ Saved North_VinhPhuc_spk_88_0003_88_0003.wav [3/5] for VinhPhuc
[2025-04-02 17:25:47] ✅ Saved North_VinhPhuc_spk_88_0004_88_0005.wav [4/5] for VinhPhuc
[2025-04-02 17:25:47] ✅ Saved North_VinhPhuc_spk_88_0005_88_0007.wav [5/5] for VinhPhuc
[2025-04-02 17:26:04] ✅ Saved North_HungYen_spk_89_0001_89_0001.wav [1/5] for HungYen
[2025-04-02 17:26:05] ✅ Saved North_HungYen_spk_89_0002_89_0002.wav [2/5] for HungYen
[2025-04-02 17:26:05] ✅ Saved North_HungYen_spk_89_0003_89_0003.wav [3/5] for HungYen
[2025-04-02 17:26:05] ✅ Saved North_HungYen_spk_89_0004_89_0004.wav [4/5] for HungYen
[2025-04-02 17:26:05] ✅ Saved North_HungYen_spk_89_0005_89_0005.wav [5/5] for HungYen
[2025-04-02 17:26:26] ✅ Saved North_HaNam_spk_90_0001_90_0001.wav [1/5] for HaNam
[2025-04-02 17:26:26] ✅ Saved North_HaNam_spk_90_0002_90_0002.wav [2/5] for HaNam
[2025-04-02 17:26:27] ✅ Saved North_HaNam_spk_90_0003_90_0004.wav [3/5] for HaNam
[2025-04-02 17:26:27] ✅ Saved North_HaNam_spk_90_0004_90_0005.wav [4/5] for HaNam
[2025-04-02 17:26:27] ✅ Saved North_HaNam_spk_90_0005_90_0006.wav [5/5] for HaNam
[2025-04-02 17:27:09] ✅ Saved South_BinhPhuoc_spk_93_0001_93_0001.wav [1/5] for BinhPhuoc
[2025-04-02 17:27:09] ✅ Saved South_BinhPhuoc_spk_93_0002_93_0003.wav [2/5] for BinhPhuoc
[2025-04-02 17:27:09] ✅ Saved South_BinhPhuoc_spk_93_0003_93_0005.wav [3/5] for BinhPhuoc
[2025-04-02 17:27:09] ✅ Saved South_BinhPhuoc_spk_93_0004_93_0006.wav [4/5] for BinhPhuoc
[2025-04-02 17:27:09] ✅ Saved South_BinhPhuoc_spk_93_0005_93_0008.wav [5/5] for BinhPhuoc
[2025-04-02 17:27:35] ✅ Saved South_BacLieu_spk_94_0001_94_0001.wav [1/5] for BacLieu
[2025-04-02 17:27:35] ✅ Saved South_BacLieu_spk_94_0002_94_0005.wav [2/5] for BacLieu
[2025-04-02 17:27:35] ✅ Saved South_BacLieu_spk_94_0003_94_0006.wav [3/5] for BacLieu
[2025-04-02 17:27:35] ✅ Saved South_BacLieu_spk_94_0004_94_0011.wav [4/5] for BacLieu
[2025-04-02 17:27:35] ✅ Saved South_BacLieu_spk_94_0005_94_0012.wav [5/5] for BacLieu
[2025-04-02 17:27:35] 🎉 All target provinces filled. Stopping early.
[2025-04-02 17:27:35] STEP A8: Saving metadata CSV
[2025-04-02 17:27:35] ✅ Done. Saved 200 utterances to ./applied_tool/data/audio and metadata to ./applied_tool/data/vimd_subset_metadata.csv.
[2025-04-02 18:36:34] [F0] Starting pitch extraction
[2025-04-02 18:36:40] [F0] ✅ Extracted pitch for South_DongNai_spk_60_0003_60_0006.wav
[2025-04-02 18:36:43] [F0] ✅ Extracted pitch for South_SocTrang_spk_83_0004_83_0011.wav
[2025-04-02 18:36:46] [F0] ✅ Extracted pitch for South_SocTrang_spk_83_0003_83_0009.wav
[2025-04-02 18:36:52] [F0] ✅ Extracted pitch for North_NamDinh_spk_18_0003_18_0006.wav
[2025-04-02 18:36:58] [F0] ✅ Extracted pitch for North_ThaiNguyen_spk_20_0005_20_0007.wav
[2025-04-02 18:37:03] [F0] ✅ Extracted pitch for South_LongAn_spk_62_0003_62_0003.wav
[2025-04-02 18:37:06] [F0] ✅ Extracted pitch for North_HoaBinh_spk_28_0005_28_0006.wav
[2025-04-02 18:37:08] [F0] ✅ Extracted pitch for South_SocTrang_spk_83_0001_83_0001.wav
[2025-04-02 18:37:14] [F0] ✅ Extracted pitch for South_CanTho_spk_65_0001_65_0001.wav
[2025-04-02 18:37:17] [F0] ✅ Extracted pitch for North_HaNam_spk_90_0004_90_0005.wav
[2025-04-02 18:37:21] [F0] ✅ Extracted pitch for South_KienGiang_spk_68_0003_68_0007.wav
[2025-04-02 18:37:25] [F0] ✅ Extracted pitch for South_CanTho_spk_65_0004_65_0006.wav
[2025-04-02 18:37:28] [F0] ✅ Extracted pitch for South_TraVinh_spk_84_0001_84_0001.wav
[2025-04-02 18:37:32] [F0] ✅ Extracted pitch for North_LaiChau_spk_25_0002_25_0002.wav
[2025-04-02 18:37:37] [F0] ✅ Extracted pitch for North_QuangNinh_spk_14_0005_14_0005.wav
[2025-04-02 18:37:41] [F0] ✅ Extracted pitch for North_HaNoi_spk_30_0004_30_0011.wav
[2025-04-02 18:37:45] [F0] ✅ Extracted pitch for North_HaNam_spk_90_0001_90_0001.wav
[2025-04-02 18:37:50] [F0] ✅ Extracted pitch for South_BenTre_spk_71_0005_71_0009.wav
[2025-04-02 18:37:53] [F0] ✅ Extracted pitch for South_DongThap_spk_66_0004_66_0004.wav
[2025-04-02 18:37:58] [F0] ✅ Extracted pitch for North_HaGiang_spk_23_0002_23_0002.wav
[2025-04-02 18:38:01] [F0] ✅ Extracted pitch for South_DongThap_spk_66_0001_66_0001.wav
[2025-04-02 18:38:05] [F0] ✅ Extracted pitch for South_DongNai_spk_60_0004_60_0008.wav
[2025-04-02 18:38:06] [F0] ✅ Extracted pitch for North_HaNoi_spk_30_0001_30_0001.wav
[2025-04-02 18:38:12] [F0] ✅ Extracted pitch for North_NinhBinh_spk_35_0001_35_0001.wav
[2025-04-02 18:38:16] [F0] ✅ Extracted pitch for North_LangSon_spk_12_0001_12_0001.wav
[2025-04-02 18:38:22] [F0] ✅ Extracted pitch for North_HungYen_spk_89_0002_89_0002.wav
[2025-04-02 18:38:25] [F0] ✅ Extracted pitch for South_VinhLong_spk_64_0001_64_0001.wav
[2025-04-02 18:38:29] [F0] ✅ Extracted pitch for South_BacLieu_spk_94_0001_94_0001.wav
[2025-04-02 18:38:31] [F0] ✅ Extracted pitch for South_CaMau_spk_69_0005_69_0007.wav
[2025-04-02 18:38:35] [F0] ✅ Extracted pitch for North_ThaiBinh_spk_17_0004_17_0005.wav
[2025-04-02 18:38:39] [F0] ✅ Extracted pitch for North_NinhBinh_spk_35_0004_35_0004.wav
[2025-04-02 18:38:45] [F0] ✅ Extracted pitch for North_LangSon_spk_12_0004_12_0005.wav
[2025-04-02 18:38:48] [F0] ✅ Extracted pitch for North_LaoCai_spk_24_0004_24_0004.wav
[2025-04-02 18:38:53] [F0] ✅ Extracted pitch for South_AnGiang_spk_67_0001_67_0001.wav
[2025-04-02 18:38:58] [F0] ✅ Extracted pitch for South_BaRiaVungTau_spk_72_0003_72_0003.wav
[2025-04-02 18:39:04] [F0] ✅ Extracted pitch for North_LaoCai_spk_24_0001_24_0001.wav
[2025-04-02 18:39:07] [F0] ✅ Extracted pitch for North_SonLa_spk_26_0002_26_0002.wav
[2025-04-02 18:39:10] [F0] ✅ Extracted pitch for South_BinhDuong_spk_61_0005_61_0007.wav
[2025-04-02 18:39:16] [F0] ✅ Extracted pitch for South_BacLieu_spk_94_0004_94_0011.wav
[2025-04-02 18:39:21] [F0] ✅ Extracted pitch for North_VinhPhuc_spk_88_0002_88_0002.wav
[2025-04-02 18:39:26] [F0] ✅ Extracted pitch for North_ThaiBinh_spk_17_0001_17_0001.wav
[2025-04-02 18:39:33] [F0] ✅ Extracted pitch for South_TienGiang_spk_63_0001_63_0001.wav
[2025-04-02 18:39:38] [F0] ✅ Extracted pitch for South_AnGiang_spk_67_0004_67_0006.wav
[2025-04-02 18:39:42] [F0] ✅ Extracted pitch for South_TienGiang_spk_63_0004_63_0004.wav
[2025-04-02 18:39:46] [F0] ✅ Extracted pitch for North_YenBai_spk_21_0003_21_0007.wav
[2025-04-02 18:39:53] [F0] ✅ Extracted pitch for North_TuyenQuang_spk_22_0004_22_0005.wav
[2025-04-02 18:39:57] [F0] ✅ Extracted pitch for South_HoChiMinh_spk_59_0005_59_0006.wav
[2025-04-02 18:40:00] [F0] ✅ Extracted pitch for South_TayNinh_spk_70_0005_70_0006.wav
[2025-04-02 18:40:05] [F0] ✅ Extracted pitch for North_HaiDuong_spk_34_0003_34_0004.wav
[2025-04-02 18:40:09] [F0] ✅ Extracted pitch for North_HaiPhong_spk_15_0003_15_0003.wav
[2025-04-02 18:40:15] [F0] ✅ Extracted pitch for South_BenTre_spk_71_0002_71_0003.wav
[2025-04-02 18:40:18] [F0] ✅ Extracted pitch for South_VinhLong_spk_64_0004_64_0006.wav
[2025-04-02 18:40:22] [F0] ✅ Extracted pitch for North_TuyenQuang_spk_22_0001_22_0001.wav
[2025-04-02 18:40:28] [F0] ✅ Extracted pitch for North_PhuTho_spk_19_0003_19_0003.wav
[2025-04-02 18:40:35] [F0] ✅ Extracted pitch for North_SonLa_spk_26_0001_26_0001.wav
[2025-04-02 18:40:38] [F0] ✅ Extracted pitch for North_HaiPhong_spk_15_0005_15_0006.wav
[2025-04-02 18:40:40] [F0] ✅ Extracted pitch for South_BaRiaVungTau_spk_72_0005_72_0005.wav
[2025-04-02 18:40:43] [F0] ✅ Extracted pitch for South_CanTho_spk_65_0005_65_0008.wav
[2025-04-02 18:40:47] [F0] ✅ Extracted pitch for North_LaoCai_spk_24_0002_24_0002.wav
[2025-04-02 18:40:54] [F0] ✅ Extracted pitch for North_HaNoi_spk_30_0002_30_0007.wav
[2025-04-02 18:40:57] [F0] ✅ Extracted pitch for South_TayNinh_spk_70_0003_70_0003.wav
[2025-04-02 18:41:01] [F0] ✅ Extracted pitch for North_NamDinh_spk_18_0005_18_0013.wav
[2025-04-02 18:41:07] [F0] ✅ Extracted pitch for North_VinhPhuc_spk_88_0001_88_0001.wav
[2025-04-02 18:41:11] [F0] ✅ Extracted pitch for South_DongNai_spk_60_0005_60_0013.wav
[2025-04-02 18:41:17] [F0] ✅ Extracted pitch for South_AnGiang_spk_67_0002_67_0002.wav
[2025-04-02 18:41:22] [F0] ✅ Extracted pitch for North_SonLa_spk_26_0004_26_0004.wav
[2025-04-02 18:41:26] [F0] ✅ Extracted pitch for South_BinhPhuoc_spk_93_0003_93_0005.wav
[2025-04-02 18:41:33] [F0] ✅ Extracted pitch for South_SocTrang_spk_83_0002_83_0005.wav
[2025-04-02 18:41:39] [F0] ✅ Extracted pitch for North_HungYen_spk_89_0004_89_0004.wav
[2025-04-02 18:41:43] [F0] ✅ Extracted pitch for North_VinhPhuc_spk_88_0004_88_0005.wav
[2025-04-02 18:41:45] [F0] ✅ Extracted pitch for North_NinhBinh_spk_35_0002_35_0002.wav
[2025-04-02 18:41:51] [F0] ✅ Extracted pitch for North_ThaiBinh_spk_17_0002_17_0003.wav
[2025-04-02 18:41:55] [F0] ✅ Extracted pitch for South_BenTre_spk_71_0004_71_0007.wav
[2025-04-02 18:42:01] [F0] ✅ Extracted pitch for North_HungYen_spk_89_0001_89_0001.wav
[2025-04-02 18:42:08] [F0] ✅ Extracted pitch for North_LangSon_spk_12_0002_12_0002.wav
[2025-04-02 18:42:12] [F0] ✅ Extracted pitch for North_TuyenQuang_spk_22_0002_22_0002.wav
[2025-04-02 18:42:15] [F0] ✅ Extracted pitch for North_PhuTho_spk_19_0005_19_0005.wav
[2025-04-02 18:42:18] [F0] ✅ Extracted pitch for South_BenTre_spk_71_0001_71_0001.wav
[2025-04-02 18:42:23] [F0] ✅ Extracted pitch for South_TraVinh_spk_84_0002_84_0004.wav
[2025-04-02 18:42:28] [F0] ✅ Extracted pitch for North_HoaBinh_spk_28_0003_28_0004.wav
[2025-04-02 18:42:32] [F0] ✅ Extracted pitch for North_ThaiNguyen_spk_20_0003_20_0004.wav
[2025-04-02 18:42:34] [F0] ✅ Extracted pitch for South_TienGiang_spk_63_0002_63_0002.wav
[2025-04-02 18:42:39] [F0] ✅ Extracted pitch for North_LangSon_spk_12_0005_12_0009.wav
[2025-04-02 18:42:44] [F0] ✅ Extracted pitch for South_HoChiMinh_spk_59_0003_59_0004.wav
[2025-04-02 18:42:50] [F0] ✅ Extracted pitch for South_BacLieu_spk_94_0002_94_0005.wav
[2025-04-02 18:42:55] [F0] ✅ Extracted pitch for South_VinhLong_spk_64_0002_64_0004.wav
[2025-04-02 18:43:01] [F0] ✅ Extracted pitch for North_DienBien_spk_27_0003_27_0007.wav
[2025-04-02 18:43:06] [F0] ✅ Extracted pitch for South_LongAn_spk_62_0005_62_0005.wav
[2025-04-02 18:43:12] [F0] ✅ Extracted pitch for South_CanTho_spk_65_0002_65_0003.wav
[2025-04-02 18:43:18] [F0] ✅ Extracted pitch for South_DongThap_spk_66_0002_66_0002.wav
[2025-04-02 18:43:21] [F0] ✅ Extracted pitch for North_YenBai_spk_21_0005_21_0012.wav
[2025-04-02 18:43:26] [F0] ✅ Extracted pitch for North_HaGiang_spk_23_0004_23_0004.wav
[2025-04-02 18:43:30] [F0] ✅ Extracted pitch for North_LaiChau_spk_25_0004_25_0005.wav
[2025-04-02 18:43:36] [F0] ✅ Extracted pitch for North_HaNam_spk_90_0002_90_0002.wav
[2025-04-02 18:43:40] [F0] ✅ Extracted pitch for North_HaGiang_spk_23_0001_23_0001.wav
[2025-04-02 18:43:44] [F0] ✅ Extracted pitch for South_BinhDuong_spk_61_0003_61_0005.wav
[2025-04-02 18:43:50] [F0] ✅ Extracted pitch for South_KienGiang_spk_68_0005_68_0015.wav
[2025-04-02 18:43:55] [F0] ✅ Extracted pitch for North_LaiChau_spk_25_0001_25_0001.wav
[2025-04-02 18:43:59] [F0] ✅ Extracted pitch for North_CaoBang_spk_11_0003_11_0006.wav
[2025-04-02 18:44:05] [F0] ✅ Extracted pitch for North_DienBien_spk_27_0004_27_0008.wav
[2025-04-02 18:44:09] [F0] ✅ Extracted pitch for North_QuangNinh_spk_14_0003_14_0003.wav
[2025-04-02 18:44:11] [F0] ✅ Extracted pitch for South_CaMau_spk_69_0003_69_0004.wav
[2025-04-02 18:44:15] [F0] ✅ Extracted pitch for South_BinhDuong_spk_61_0001_61_0001.wav
[2025-04-02 18:44:20] [F0] ✅ Extracted pitch for North_HaiDuong_spk_34_0005_34_0008.wav
[2025-04-02 18:44:24] [F0] ✅ Extracted pitch for North_NinhBinh_spk_35_0005_35_0006.wav
[2025-04-02 18:44:31] [F0] ✅ Extracted pitch for North_CaoBang_spk_11_0004_11_0007.wav
[2025-04-02 18:44:36] [F0] ✅ Extracted pitch for South_BacLieu_spk_94_0005_94_0012.wav
[2025-04-02 18:44:40] [F0] ✅ Extracted pitch for South_AnGiang_spk_67_0005_67_0007.wav
[2025-04-02 18:44:43] [F0] ✅ Extracted pitch for South_VinhLong_spk_64_0005_64_0007.wav
[2025-04-02 18:44:49] [F0] ✅ Extracted pitch for South_SocTrang_spk_83_0005_83_0014.wav
[2025-04-02 18:44:53] [F0] ✅ Extracted pitch for South_CaMau_spk_69_0001_69_0001.wav
[2025-04-02 18:44:57] [F0] ✅ Extracted pitch for South_DongNai_spk_60_0002_60_0003.wav
[2025-04-02 18:45:02] [F0] ✅ Extracted pitch for North_PhuTho_spk_19_0002_19_0002.wav
[2025-04-02 18:45:09] [F0] ✅ Extracted pitch for North_LaiChau_spk_25_0003_25_0004.wav
[2025-04-02 18:45:16] [F0] ✅ Extracted pitch for North_DienBien_spk_27_0001_27_0001.wav
[2025-04-02 18:45:21] [F0] ✅ Extracted pitch for North_ThaiBinh_spk_17_0005_17_0006.wav
[2025-04-02 18:45:24] [F0] ✅ Extracted pitch for North_HaiPhong_spk_15_0002_15_0002.wav
[2025-04-02 18:45:30] [F0] ✅ Extracted pitch for North_YenBai_spk_21_0002_21_0005.wav
[2025-04-02 18:45:36] [F0] ✅ Extracted pitch for South_TienGiang_spk_63_0005_63_0006.wav
[2025-04-02 18:45:41] [F0] ✅ Extracted pitch for South_CaMau_spk_69_0004_69_0006.wav
[2025-04-02 18:45:47] [F0] ✅ Extracted pitch for North_CaoBang_spk_11_0001_11_0001.wav
[2025-04-02 18:45:53] [F0] ✅ Extracted pitch for South_TayNinh_spk_70_0004_70_0005.wav
[2025-04-02 18:45:57] [F0] ✅ Extracted pitch for South_HoChiMinh_spk_59_0001_59_0001.wav
[2025-04-02 18:45:59] [F0] ✅ Extracted pitch for North_HungYen_spk_89_0003_89_0003.wav
[2025-04-02 18:46:05] [F0] ✅ Extracted pitch for South_BinhDuong_spk_61_0004_61_0006.wav
[2025-04-02 18:46:10] [F0] ✅ Extracted pitch for North_SonLa_spk_26_0003_26_0003.wav
[2025-04-02 18:46:14] [F0] ✅ Extracted pitch for North_VinhPhuc_spk_88_0003_88_0003.wav
[2025-04-02 18:46:18] [F0] ✅ Extracted pitch for South_TayNinh_spk_70_0001_70_0001.wav
[2025-04-02 18:46:25] [F0] ✅ Extracted pitch for South_HoChiMinh_spk_59_0004_59_0005.wav
[2025-04-02 18:46:30] [F0] ✅ Extracted pitch for North_TuyenQuang_spk_22_0005_22_0006.wav
[2025-04-02 18:46:34] [F0] ✅ Extracted pitch for North_LaoCai_spk_24_0005_24_0005.wav
[2025-04-02 18:46:38] [F0] ✅ Extracted pitch for South_BaRiaVungTau_spk_72_0002_72_0002.wav
[2025-04-02 18:46:44] [F0] ✅ Extracted pitch for North_HaiDuong_spk_34_0002_34_0002.wav
[2025-04-02 18:46:48] [F0] ✅ Extracted pitch for South_BenTre_spk_71_0003_71_0005.wav
[2025-04-02 18:46:54] [F0] ✅ Extracted pitch for North_HoaBinh_spk_28_0004_28_0005.wav
[2025-04-02 18:46:59] [F0] ✅ Extracted pitch for North_NamDinh_spk_18_0002_18_0004.wav
[2025-04-02 18:47:03] [F0] ✅ Extracted pitch for North_QuangNinh_spk_14_0004_14_0004.wav
[2025-04-02 18:47:09] [F0] ✅ Extracted pitch for North_QuangNinh_spk_14_0001_14_0001.wav
[2025-04-02 18:47:12] [F0] ✅ Extracted pitch for South_BinhPhuoc_spk_93_0004_93_0006.wav
[2025-04-02 18:47:18] [F0] ✅ Extracted pitch for North_HoaBinh_spk_28_0001_28_0001.wav
[2025-04-02 18:47:21] [F0] ✅ Extracted pitch for South_TraVinh_spk_84_0005_84_0010.wav
[2025-04-02 18:47:26] [F0] ✅ Extracted pitch for North_ThaiNguyen_spk_20_0001_20_0001.wav
[2025-04-02 18:47:29] [F0] ✅ Extracted pitch for North_HaGiang_spk_23_0003_23_0003.wav
[2025-04-02 18:47:32] [F0] ✅ Extracted pitch for South_BinhPhuoc_spk_93_0001_93_0001.wav
[2025-04-02 18:47:35] [F0] ✅ Extracted pitch for North_ThaiNguyen_spk_20_0004_20_0006.wav
[2025-04-02 18:47:39] [F0] ✅ Extracted pitch for South_LongAn_spk_62_0002_62_0002.wav
[2025-04-02 18:47:44] [F0] ✅ Extracted pitch for South_KienGiang_spk_68_0002_68_0005.wav
[2025-04-02 18:47:50] [F0] ✅ Extracted pitch for North_HaNam_spk_90_0005_90_0006.wav
[2025-04-02 18:47:57] [F0] ✅ Extracted pitch for North_HaNoi_spk_30_0005_30_0012.wav
[2025-04-02 18:48:04] [F0] ✅ Extracted pitch for South_DongThap_spk_66_0005_66_0006.wav
[2025-04-02 18:48:07] [F0] ✅ Extracted pitch for South_DongThap_spk_66_0003_66_0003.wav
[2025-04-02 18:48:13] [F0] ✅ Extracted pitch for North_HaGiang_spk_23_0005_23_0005.wav
[2025-04-02 18:48:20] [F0] ✅ Extracted pitch for North_HoaBinh_spk_28_0002_28_0003.wav
[2025-04-02 18:48:26] [F0] ✅ Extracted pitch for North_TuyenQuang_spk_22_0003_22_0004.wav
[2025-04-02 18:48:31] [F0] ✅ Extracted pitch for North_ThaiNguyen_spk_20_0002_20_0003.wav
[2025-04-02 18:48:38] [F0] ✅ Extracted pitch for North_QuangNinh_spk_14_0002_14_0002.wav
[2025-04-02 18:48:42] [F0] ✅ Extracted pitch for South_BacLieu_spk_94_0003_94_0006.wav
[2025-04-02 18:48:46] [F0] ✅ Extracted pitch for North_HaiDuong_spk_34_0001_34_0001.wav
[2025-04-02 18:48:49] [F0] ✅ Extracted pitch for North_DienBien_spk_27_0002_27_0005.wav
[2025-04-02 18:48:55] [F0] ✅ Extracted pitch for North_DienBien_spk_27_0005_27_0009.wav
[2025-04-02 18:48:58] [F0] ✅ Extracted pitch for South_BinhPhuoc_spk_93_0002_93_0003.wav
[2025-04-02 18:49:05] [F0] ✅ Extracted pitch for North_YenBai_spk_21_0001_21_0001.wav
[2025-04-02 18:49:12] [F0] ✅ Extracted pitch for North_HaiDuong_spk_34_0004_34_0006.wav
[2025-04-02 18:49:15] [F0] ✅ Extracted pitch for North_LaiChau_spk_25_0005_25_0007.wav
[2025-04-02 18:49:20] [F0] ✅ Extracted pitch for North_ThaiBinh_spk_17_0003_17_0004.wav
[2025-04-02 18:49:25] [F0] ✅ Extracted pitch for South_LongAn_spk_62_0004_62_0004.wav
[2025-04-02 18:49:31] [F0] ✅ Extracted pitch for North_YenBai_spk_21_0004_21_0011.wav
[2025-04-02 18:49:36] [F0] ✅ Extracted pitch for South_AnGiang_spk_67_0003_67_0004.wav
[2025-04-02 18:49:40] [F0] ✅ Extracted pitch for South_VinhLong_spk_64_0003_64_0005.wav
[2025-04-02 18:49:47] [F0] ✅ Extracted pitch for South_LongAn_spk_62_0001_62_0001.wav
[2025-04-02 18:49:54] [F0] ✅ Extracted pitch for North_CaoBang_spk_11_0005_11_0008.wav
[2025-04-02 18:49:58] [F0] ✅ Extracted pitch for North_PhuTho_spk_19_0004_19_0004.wav
[2025-04-02 18:50:02] [F0] ✅ Extracted pitch for South_TraVinh_spk_84_0004_84_0008.wav
[2025-04-02 18:50:07] [F0] ✅ Extracted pitch for North_HaiPhong_spk_15_0001_15_0001.wav
[2025-04-02 18:50:12] [F0] ✅ Extracted pitch for South_BinhDuong_spk_61_0002_61_0003.wav
[2025-04-02 18:50:16] [F0] ✅ Extracted pitch for South_CaMau_spk_69_0002_69_0002.wav
[2025-04-02 18:50:19] [F0] ✅ Extracted pitch for North_HaiPhong_spk_15_0004_15_0004.wav
[2025-04-02 18:50:23] [F0] ✅ Extracted pitch for North_PhuTho_spk_19_0001_19_0001.wav
[2025-04-02 18:50:29] [F0] ✅ Extracted pitch for North_NamDinh_spk_18_0004_18_0010.wav
[2025-04-02 18:50:34] [F0] ✅ Extracted pitch for South_DongNai_spk_60_0001_60_0001.wav
[2025-04-02 18:50:37] [F0] ✅ Extracted pitch for North_HaNoi_spk_30_0003_30_0010.wav
[2025-04-02 18:50:43] [F0] ✅ Extracted pitch for South_TienGiang_spk_63_0003_63_0003.wav
[2025-04-02 18:50:48] [F0] ✅ Extracted pitch for South_TraVinh_spk_84_0003_84_0005.wav
[2025-04-02 18:50:53] [F0] ✅ Extracted pitch for North_HaNam_spk_90_0003_90_0004.wav
[2025-04-02 18:50:58] [F0] ✅ Extracted pitch for North_VinhPhuc_spk_88_0005_88_0007.wav
[2025-04-02 18:51:04] [F0] ✅ Extracted pitch for North_NamDinh_spk_18_0001_18_0001.wav
[2025-04-02 18:51:10] [F0] ✅ Extracted pitch for North_CaoBang_spk_11_0002_11_0003.wav
[2025-04-02 18:51:16] [F0] ✅ Extracted pitch for South_BaRiaVungTau_spk_72_0001_72_0001.wav
[2025-04-02 18:51:19] [F0] ✅ Extracted pitch for North_SonLa_spk_26_0005_26_0005.wav
[2025-04-02 18:51:26] [F0] ✅ Extracted pitch for South_CanTho_spk_65_0003_65_0005.wav
[2025-04-02 18:51:30] [F0] ✅ Extracted pitch for South_KienGiang_spk_68_0001_68_0001.wav
[2025-04-02 18:51:34] [F0] ✅ Extracted pitch for South_BaRiaVungTau_spk_72_0004_72_0004.wav
[2025-04-02 18:51:37] [F0] ✅ Extracted pitch for North_LaoCai_spk_24_0003_24_0003.wav
[2025-04-02 18:51:44] [F0] ✅ Extracted pitch for South_TayNinh_spk_70_0002_70_0002.wav
[2025-04-02 18:51:48] [F0] ✅ Extracted pitch for North_NinhBinh_spk_35_0003_35_0003.wav
[2025-04-02 18:51:50] [F0] ✅ Extracted pitch for South_HoChiMinh_spk_59_0002_59_0002.wav
[2025-04-02 18:51:54] [F0] ✅ Extracted pitch for North_LangSon_spk_12_0003_12_0003.wav
[2025-04-02 18:52:00] [F0] ✅ Extracted pitch for South_KienGiang_spk_68_0004_68_0011.wav
[2025-04-02 18:52:07] [F0] ✅ Extracted pitch for North_HungYen_spk_89_0005_89_0005.wav
[2025-04-02 18:52:13] [F0] ✅ Extracted pitch for South_BinhPhuoc_spk_93_0005_93_0008.wav
[2025-04-02 18:52:15] [F0] ✅ Saved pitch features to ./applied_tool/data/f0_features.npy
